[2012-08-21 16:41:44] request.ERROR: Symfony\Component\HttpKernel\Exception\NotFoundHttpException: No route found for "GET /" (uncaught exception) at /Users/benroutson/Sites/hardonapp/Symfony/vendor/symfony/src/Symfony/Bundle/FrameworkBundle/EventListener/RouterListener.php line 83 [] []
[2012-08-21 16:41:54] request.ERROR: Symfony\Component\HttpKernel\Exception\NotFoundHttpException: No route found for "GET /" (uncaught exception) at /Users/benroutson/Sites/hardonapp/Symfony/vendor/symfony/src/Symfony/Bundle/FrameworkBundle/EventListener/RouterListener.php line 83 [] []
[2012-08-21 16:42:01] request.ERROR: Symfony\Component\HttpKernel\Exception\NotFoundHttpException: No route found for "GET /appdev.php" (uncaught exception) at /Users/benroutson/Sites/hardonapp/Symfony/app/cache/prod/classes.php line 4584 [] []
[2012-08-21 16:47:47] request.ERROR: Symfony\Component\HttpKernel\Exception\NotFoundHttpException: No route found for "GET /" (uncaught exception) at /Users/benroutson/Sites/hardonapp/Symfony/app/cache/prod/classes.php line 4584 [] []
[2012-08-21 18:28:59] request.ERROR: Symfony\Component\HttpKernel\Exception\NotFoundHttpException: No route found for "GET /" (uncaught exception) at /Users/benroutson/Sites/hardonapp/Symfony/app/cache/prod/classes.php line 4584 [] []
[2012-08-21 18:29:08] request.ERROR: Symfony\Component\HttpKernel\Exception\NotFoundHttpException: No route found for "GET /" (uncaught exception) at /Users/benroutson/Sites/hardonapp/Symfony/app/cache/prod/classes.php line 4584 [] []
[2012-08-21 21:13:28] request.ERROR: Symfony\Component\HttpKernel\Exception\NotFoundHttpException: No route found for "GET /" (uncaught exception) at /Users/benroutson/Sites/hardonapp/Symfony/app/cache/prod/classes.php line 4584 [] []
[2012-08-21 21:21:04] request.ERROR: Symfony\Component\HttpKernel\Exception\NotFoundHttpException: No route found for "GET /" (uncaught exception) at /Users/benroutson/Sites/hardonapp/Symfony/app/cache/prod/classes.php line 4584 [] []
[2012-08-21 21:26:21] request.ERROR: Symfony\Component\HttpKernel\Exception\NotFoundHttpException: No route found for "GET /" (uncaught exception) at /Users/benroutson/Sites/hardonapp/Symfony/app/cache/prod/classes.php line 4584 [] []
[2012-08-21 21:38:35] request.ERROR: Symfony\Component\HttpKernel\Exception\NotFoundHttpException: No route found for "HEAD /" (uncaught exception) at /Users/benroutson/Sites/hardonapp/Symfony/app/cache/prod/classes.php line 4584 [] []
[2012-08-21 21:38:46] request.ERROR: Symfony\Component\HttpKernel\Exception\NotFoundHttpException: No route found for "GET /" (uncaught exception) at /Users/benroutson/Sites/hardonapp/Symfony/app/cache/prod/classes.php line 4584 [] []
[2012-08-21 21:49:29] request.ERROR: Symfony\Component\HttpKernel\Exception\NotFoundHttpException: No route found for "GET /" (uncaught exception) at /Users/benroutson/Sites/hardonapp/Symfony/app/cache/prod/classes.php line 4584 [] []
[2012-08-21 21:52:58] request.ERROR: Symfony\Component\HttpKernel\Exception\NotFoundHttpException: No route found for "GET /" (uncaught exception) at /Users/benroutson/Sites/hardonapp/Symfony/app/cache/prod/classes.php line 4584 [] []
[2012-08-21 22:02:57] request.ERROR: Symfony\Component\HttpKernel\Exception\NotFoundHttpException: No route found for "GET /" (uncaught exception) at /Users/benroutson/Sites/hardonapp/Symfony/app/cache/prod/classes.php line 4584 [] []
[2012-08-21 22:05:01] request.ERROR: Symfony\Component\HttpKernel\Exception\NotFoundHttpException: No route found for "GET /" (uncaught exception) at /Users/benroutson/Sites/hardonapp/Symfony/app/cache/prod/classes.php line 4584 [] []
[2012-08-21 22:14:04] request.ERROR: Symfony\Component\HttpKernel\Exception\NotFoundHttpException: No route found for "GET /oVqI55ZNfD5uCDKWwfoUg--.html" (uncaught exception) at /Users/benroutson/Sites/hardonapp/Symfony/app/cache/prod/classes.php line 4584 [] []
[2012-08-27 10:59:45] request.ERROR: Symfony\Component\HttpKernel\Exception\NotFoundHttpException: No route found for "GET /" (uncaught exception) at /Users/benroutson/Sites/hardonapp/Symfony/app/cache/prod/classes.php line 4584 [] []
[2012-08-27 21:35:02] security.INFO: Populated SecurityContext with an anonymous Token [] []
[2012-08-27 21:35:02] request.ERROR: Symfony\Component\HttpKernel\Exception\NotFoundHttpException: No route found for "GET /client.php" (uncaught exception) at /Users/benroutson/Sites/hardonapp/Symfony/app/cache/prod/classes.php line 4584 [] []
[2012-08-27 21:57:14] security.INFO: Populated SecurityContext with an anonymous Token [] []
[2012-08-27 21:57:14] request.ERROR: Symfony\Component\HttpKernel\Exception\NotFoundHttpException: No route found for "GET /client.php" (uncaught exception) at /Users/benroutson/Sites/hardonapp/Symfony/app/cache/prod/classes.php line 4584 [] []
[2012-08-27 22:45:39] security.INFO: Populated SecurityContext with an anonymous Token [] []
[2012-08-27 22:45:39] request.INFO: Matched route "user_setaccess" (parameters: "_controller": "Mock\UserBundle\Controller\UserController::setaccessAction", "_route": "user_setaccess") [] []
[2012-08-27 22:45:39] request.CRITICAL: PDOException: SQLSTATE[23000]: Integrity constraint violation: 1048 Column 'salt' cannot be null (uncaught exception) at /Users/benroutson/Sites/hardonapp/Symfony/vendor/doctrine-dbal/lib/Doctrine/DBAL/Statement.php line 131 [] []
[2012-08-31 23:40:13] security.DEBUG: Read SecurityContext from the session [] []
[2012-08-31 23:40:13] security.DEBUG: Reloading user from user provider. [] []
[2012-08-31 23:40:13] security.DEBUG: Username "benjamin_r39321@yahoo.com" was reloaded from user provider. [] []
[2012-08-31 23:40:13] request.ERROR: Symfony\Component\HttpKernel\Exception\NotFoundHttpException: No route found for "GET /help.html" (uncaught exception) at /Users/benroutson/Sites/hardonapp/Symfony/app/cache/prod/classes.php line 4584 [] []
[2012-08-31 23:40:13] security.DEBUG: Write SecurityContext in the session [] []
[2012-09-01 08:06:14] security.DEBUG: Read SecurityContext from the session [] []
[2012-09-01 08:06:14] security.DEBUG: Reloading user from user provider. [] []
[2012-09-01 08:06:14] security.DEBUG: Username "benjamin_r39321@yahoo.com" was reloaded from user provider. [] []
[2012-09-01 08:06:14] request.INFO: Matched route "matchup" (parameters: "_controller": "Mock\MatchBundle\Controller\DefaultController::indexAction", "_route": "matchup") [] []
[2012-09-01 08:06:15] request.CRITICAL: Twig_Error_Syntax: Calling "parent" on a template that does not extend nor "use" another template is forbidden in "MockMatchBundle:Default:index.html.twig" at line 3 (uncaught exception) at /Users/benroutson/Sites/hardonapp/Symfony/vendor/twig/lib/Twig/ExpressionParser.php line 298 [] []
[2012-09-01 08:06:15] security.DEBUG: Write SecurityContext in the session [] []
[2012-09-01 08:06:57] security.DEBUG: Read SecurityContext from the session [] []
[2012-09-01 08:06:57] security.DEBUG: Reloading user from user provider. [] []
[2012-09-01 08:06:57] security.DEBUG: Username "benjamin_r39321@yahoo.com" was reloaded from user provider. [] []
[2012-09-01 08:06:57] request.INFO: Matched route "matchup" (parameters: "_controller": "Mock\MatchBundle\Controller\DefaultController::indexAction", "_route": "matchup") [] []
[2012-09-01 08:06:58] request.CRITICAL: Twig_Error_Syntax: Unexpected tag name "endfor" (expecting closing tag for the "if" tag defined near line 68) in "MockMatchBundle:Default:index.html.twig" at line 70 (uncaught exception) at /Users/benroutson/Sites/hardonapp/Symfony/vendor/twig/lib/Twig/Parser.php line 168 [] []
[2012-09-01 08:06:58] security.DEBUG: Write SecurityContext in the session [] []
[2012-09-01 09:50:13] security.DEBUG: Read SecurityContext from the session [] []
[2012-09-01 09:50:13] security.DEBUG: Reloading user from user provider. [] []
[2012-09-01 09:50:13] security.DEBUG: Username "josephmaag@yahoo.com" was reloaded from user provider. [] []
[2012-09-01 09:50:13] request.ERROR: Symfony\Component\HttpKernel\Exception\NotFoundHttpException: No route found for "GET /matchup/help.html" (uncaught exception) at /Users/benroutson/Sites/hardonapp/Symfony/app/cache/prod/classes.php line 4584 [] []
[2012-09-01 09:50:13] security.DEBUG: Write SecurityContext in the session [] []
[2012-09-01 09:50:19] security.DEBUG: Read SecurityContext from the session [] []
[2012-09-01 09:50:19] security.DEBUG: Reloading user from user provider. [] []
[2012-09-01 09:50:19] security.DEBUG: Username "josephmaag@yahoo.com" was reloaded from user provider. [] []
[2012-09-01 09:50:19] request.ERROR: Symfony\Component\HttpKernel\Exception\NotFoundHttpException: No route found for "GET /matchup/help.html" (uncaught exception) at /Users/benroutson/Sites/hardonapp/Symfony/app/cache/prod/classes.php line 4584 [] []
[2012-09-01 09:50:19] security.DEBUG: Write SecurityContext in the session [] []
[2012-09-01 23:55:46] security.DEBUG: Read SecurityContext from the session [] []
[2012-09-01 23:55:46] security.DEBUG: Reloading user from user provider. [] []
[2012-09-01 23:55:46] security.DEBUG: Username "josephmaag@yahoo.com" was reloaded from user provider. [] []
[2012-09-01 23:55:46] request.ERROR: Symfony\Component\HttpKernel\Exception\NotFoundHttpException: No route found for "GET /help.html" (uncaught exception) at /Users/benroutson/Sites/hardonapp/Symfony/app/cache/prod/classes.php line 4584 [] []
[2012-09-01 23:55:46] security.DEBUG: Write SecurityContext in the session [] []
